[debug] [2021-05-18T18:10:20.757Z] ----------------------------------------------------------------------
[debug] [2021-05-18T18:10:20.759Z] Command:       C:\Program Files\nodejs\node.exe C:\Users\iamal\AppData\Roaming\npm\node_modules\firebase-tools\lib\bin\firebase.js init hosting
[debug] [2021-05-18T18:10:20.760Z] CLI Version:   9.11.0
[debug] [2021-05-18T18:10:20.760Z] Platform:      win32
[debug] [2021-05-18T18:10:20.760Z] Node Version:  v15.7.0
[debug] [2021-05-18T18:10:20.762Z] Time:          Tue May 18 2021 11:10:20 GMT-0700 (Pacific Daylight Time)
[debug] [2021-05-18T18:10:20.762Z] ----------------------------------------------------------------------
[debug] 
[debug] [2021-05-18T18:10:20.770Z] > command requires scopes: ["email","openid","https://www.googleapis.com/auth/cloudplatformprojects.readonly","https://www.googleapis.com/auth/firebase","https://www.googleapis.com/auth/cloud-platform"]
[debug] [2021-05-18T18:10:20.770Z] > authorizing via signed-in user (reyesgx11@gmail.com)
[info] 
     ######## #### ########  ######## ########     ###     ######  ########
     ##        ##  ##     ## ##       ##     ##  ##   ##  ##       ##
     ######    ##  ########  ######   ########  #########  ######  ######
     ##        ##  ##    ##  ##       ##     ## ##     ##       ## ##
     ##       #### ##     ## ######## ########  ##     ##  ######  ########

You're about to initialize a Firebase project in this directory:

  C:\Users\iamal\Workspace\react\portfolio\react-challenge

[info] 
=== Project Setup
[info] 
[info] First, let's associate this project directory with a Firebase project.
[info] You can create multiple project aliases by running firebase use --add, 
[info] but for now we'll just set up a default project.
[info] 
[debug] [2021-05-18T18:10:24.860Z] > refreshing access token with scopes: []
[debug] [2021-05-18T18:10:24.862Z] >>> HTTP REQUEST POST https://www.googleapis.com/oauth2/v3/token  
 <request body omitted>
[debug] [2021-05-18T18:10:25.190Z] <<< HTTP RESPONSE 400 {"expires":"Mon, 01 Jan 1990 00:00:00 GMT","cache-control":"no-cache, no-store, max-age=0, must-revalidate","date":"Tue, 18 May 2021 18:10:23 GMT","pragma":"no-cache","content-type":"application/json; charset=utf-8","vary":"X-Origin, Referer, Origin,Accept-Encoding","server":"scaffolding on HTTPServer2","x-xss-protection":"0","x-frame-options":"SAMEORIGIN","x-content-type-options":"nosniff","alt-svc":"h3-29=\":443\"; ma=2592000,h3-T051=\":443\"; ma=2592000,h3-Q050=\":443\"; ma=2592000,h3-Q046=\":443\"; ma=2592000,h3-Q043=\":443\"; ma=2592000,quic=\":443\"; ma=2592000; v=\"46,43\"","accept-ranges":"none","transfer-encoding":"chunked"}
[debug] [2021-05-18T18:10:25.195Z] >>> [apiv2][query] GET https://firebase.googleapis.com/v1beta1/projects pageSize=100
[debug] [2021-05-18T18:10:25.460Z] <<< [apiv2][status] GET https://firebase.googleapis.com/v1beta1/projects 401
[debug] [2021-05-18T18:10:25.461Z] <<< [apiv2][body] GET https://firebase.googleapis.com/v1beta1/projects [omitted]
[debug] [2021-05-18T18:10:25.461Z] HTTP Error: 401, Request had invalid authentication credentials. Expected OAuth 2 access token, login cookie or other valid authentication credential. See https://developers.google.com/identity/sign-in/web/devconsole-project.
[debug] [2021-05-18T18:10:25.724Z] FirebaseError: HTTP Error: 401, Request had invalid authentication credentials. Expected OAuth 2 access token, login cookie or other valid authentication credential. See https://developers.google.com/identity/sign-in/web/devconsole-project.
    at module.exports (C:\Users\iamal\AppData\Roaming\npm\node_modules\firebase-tools\lib\responseToError.js:38:12)
    at Client.doRequest (C:\Users\iamal\AppData\Roaming\npm\node_modules\firebase-tools\lib\apiv2.js:238:23)
    at processTicksAndRejections (node:internal/process/task_queues:94:5)
    at async Client.request (C:\Users\iamal\AppData\Roaming\npm\node_modules\firebase-tools\lib\apiv2.js:96:20)
    at async getProjectPage (C:\Users\iamal\AppData\Roaming\npm\node_modules\firebase-tools\lib\management\projects.js:233:17)
    at async getFirebaseProjectPage (C:\Users\iamal\AppData\Roaming\npm\node_modules\firebase-tools\lib\management\projects.js:250:23)
    at async selectProjectInteractively (C:\Users\iamal\AppData\Roaming\npm\node_modules\firebase-tools\lib\management\projects.js:95:41)
    at async Object.doSetup [as project] (C:\Users\iamal\AppData\Roaming\npm\node_modules\firebase-tools\lib\init\features\project.js:87:27)
    at async init (C:\Users\iamal\AppData\Roaming\npm\node_modules\firebase-tools\lib\init\index.js:19:9)
[error] 
[error] Error: Failed to list Firebase projects. See firebase-debug.log for more info.
[debug] [2021-05-18T18:16:10.042Z] ----------------------------------------------------------------------
[debug] [2021-05-18T18:16:10.044Z] Command:       C:\Program Files\nodejs\node.exe C:\Users\iamal\AppData\Roaming\npm\node_modules\firebase-tools\lib\bin\firebase.js init hosting
[debug] [2021-05-18T18:16:10.044Z] CLI Version:   9.11.0
[debug] [2021-05-18T18:16:10.044Z] Platform:      win32
[debug] [2021-05-18T18:16:10.045Z] Node Version:  v15.7.0
[debug] [2021-05-18T18:16:10.046Z] Time:          Tue May 18 2021 11:16:10 GMT-0700 (Pacific Daylight Time)
[debug] [2021-05-18T18:16:10.046Z] ----------------------------------------------------------------------
[debug] 
[debug] [2021-05-18T18:16:10.054Z] > command requires scopes: ["email","openid","https://www.googleapis.com/auth/cloudplatformprojects.readonly","https://www.googleapis.com/auth/firebase","https://www.googleapis.com/auth/cloud-platform"]
[debug] [2021-05-18T18:16:10.055Z] > authorizing via signed-in user (reyesgx11@gmail.com)
[info] 
     ######## #### ########  ######## ########     ###     ######  ########
     ##        ##  ##     ## ##       ##     ##  ##   ##  ##       ##
     ######    ##  ########  ######   ########  #########  ######  ######
     ##        ##  ##    ##  ##       ##     ## ##     ##       ## ##
     ##       #### ##     ## ######## ########  ##     ##  ######  ########

You're about to initialize a Firebase project in this directory:

  C:\Users\iamal\Workspace\react\portfolio\react-challenge

[info] 
=== Project Setup
[info] 
[info] First, let's associate this project directory with a Firebase project.
[info] You can create multiple project aliases by running firebase use --add, 
[info] but for now we'll just set up a default project.
[info] 
[debug] [2021-05-18T18:16:23.781Z] ----------------------------------------------------------------------
[debug] [2021-05-18T18:16:23.783Z] Command:       C:\Program Files\nodejs\node.exe C:\Users\iamal\AppData\Roaming\npm\node_modules\firebase-tools\lib\bin\firebase.js init hosting
[debug] [2021-05-18T18:16:23.784Z] CLI Version:   9.11.0
[debug] [2021-05-18T18:16:23.784Z] Platform:      win32
[debug] [2021-05-18T18:16:23.784Z] Node Version:  v15.7.0
[debug] [2021-05-18T18:16:23.785Z] Time:          Tue May 18 2021 11:16:23 GMT-0700 (Pacific Daylight Time)
[debug] [2021-05-18T18:16:23.785Z] ----------------------------------------------------------------------
[debug] 
[debug] [2021-05-18T18:16:23.793Z] > command requires scopes: ["email","openid","https://www.googleapis.com/auth/cloudplatformprojects.readonly","https://www.googleapis.com/auth/firebase","https://www.googleapis.com/auth/cloud-platform"]
[debug] [2021-05-18T18:16:23.794Z] > authorizing via signed-in user (reyesgx11@gmail.com)
[info] 
     ######## #### ########  ######## ########     ###     ######  ########
     ##        ##  ##     ## ##       ##     ##  ##   ##  ##       ##
     ######    ##  ########  ######   ########  #########  ######  ######
     ##        ##  ##    ##  ##       ##     ## ##     ##       ## ##
     ##       #### ##     ## ######## ########  ##     ##  ######  ########

You're about to initialize a Firebase project in this directory:

  C:\Users\iamal\Workspace\react\portfolio\react-challenge

[debug] [2021-05-18T18:16:38.965Z] ----------------------------------------------------------------------
[debug] [2021-05-18T18:16:38.967Z] Command:       C:\Program Files\nodejs\node.exe C:\Users\iamal\AppData\Roaming\npm\node_modules\firebase-tools\lib\bin\firebase.js init hosting
[debug] [2021-05-18T18:16:38.968Z] CLI Version:   9.11.0
[debug] [2021-05-18T18:16:38.968Z] Platform:      win32
[debug] [2021-05-18T18:16:38.968Z] Node Version:  v15.7.0
[debug] [2021-05-18T18:16:38.969Z] Time:          Tue May 18 2021 11:16:38 GMT-0700 (Pacific Daylight Time)
[debug] [2021-05-18T18:16:38.970Z] ----------------------------------------------------------------------
[debug] 
[debug] [2021-05-18T18:16:38.978Z] > command requires scopes: ["email","openid","https://www.googleapis.com/auth/cloudplatformprojects.readonly","https://www.googleapis.com/auth/firebase","https://www.googleapis.com/auth/cloud-platform"]
[debug] [2021-05-18T18:16:38.978Z] > authorizing via signed-in user (reyesgx11@gmail.com)
[info] 
     ######## #### ########  ######## ########     ###     ######  ########
     ##        ##  ##     ## ##       ##     ##  ##   ##  ##       ##
     ######    ##  ########  ######   ########  #########  ######  ######
     ##        ##  ##    ##  ##       ##     ## ##     ##       ## ##
     ##       #### ##     ## ######## ########  ##     ##  ######  ########

You're about to initialize a Firebase project in this directory:

  C:\Users\iamal\Workspace\react\portfolio\react-challenge

[debug] [2021-05-18T18:16:50.967Z] ----------------------------------------------------------------------
[debug] [2021-05-18T18:16:50.969Z] Command:       C:\Program Files\nodejs\node.exe C:\Users\iamal\AppData\Roaming\npm\node_modules\firebase-tools\lib\bin\firebase.js init hosting
[debug] [2021-05-18T18:16:50.970Z] CLI Version:   9.11.0
[debug] [2021-05-18T18:16:50.970Z] Platform:      win32
[debug] [2021-05-18T18:16:50.970Z] Node Version:  v15.7.0
[debug] [2021-05-18T18:16:50.971Z] Time:          Tue May 18 2021 11:16:50 GMT-0700 (Pacific Daylight Time)
[debug] [2021-05-18T18:16:50.971Z] ----------------------------------------------------------------------
[debug] 
[debug] [2021-05-18T18:16:50.985Z] > command requires scopes: ["email","openid","https://www.googleapis.com/auth/cloudplatformprojects.readonly","https://www.googleapis.com/auth/firebase","https://www.googleapis.com/auth/cloud-platform"]
[debug] [2021-05-18T18:16:50.986Z] > authorizing via signed-in user (reyesgx11@gmail.com)
[info] 
     ######## #### ########  ######## ########     ###     ######  ########
     ##        ##  ##     ## ##       ##     ##  ##   ##  ##       ##
     ######    ##  ########  ######   ########  #########  ######  ######
     ##        ##  ##    ##  ##       ##     ## ##     ##       ## ##
     ##       #### ##     ## ######## ########  ##     ##  ######  ########

You're about to initialize a Firebase project in this directory:

  C:\Users\iamal\Workspace\react\portfolio\react-challenge

[info] 
=== Project Setup
[info] 
[info] First, let's associate this project directory with a Firebase project.
[info] You can create multiple project aliases by running firebase use --add, 
[info] but for now we'll just set up a default project.
[info] 
[debug] [2021-05-18T18:16:53.095Z] > refreshing access token with scopes: []
[debug] [2021-05-18T18:16:53.096Z] >>> HTTP REQUEST POST https://www.googleapis.com/oauth2/v3/token  
 <request body omitted>
[debug] [2021-05-18T18:16:53.383Z] <<< HTTP RESPONSE 400 {"pragma":"no-cache","expires":"Mon, 01 Jan 1990 00:00:00 GMT","cache-control":"no-cache, no-store, max-age=0, must-revalidate","date":"Tue, 18 May 2021 18:16:51 GMT","content-type":"application/json; charset=utf-8","vary":"X-Origin, Referer, Origin,Accept-Encoding","server":"scaffolding on HTTPServer2","x-xss-protection":"0","x-frame-options":"SAMEORIGIN","x-content-type-options":"nosniff","alt-svc":"h3-29=\":443\"; ma=2592000,h3-T051=\":443\"; ma=2592000,h3-Q050=\":443\"; ma=2592000,h3-Q046=\":443\"; ma=2592000,h3-Q043=\":443\"; ma=2592000,quic=\":443\"; ma=2592000; v=\"46,43\"","accept-ranges":"none","transfer-encoding":"chunked"}
[debug] [2021-05-18T18:16:53.392Z] >>> [apiv2][query] GET https://firebase.googleapis.com/v1beta1/projects pageSize=100
[debug] [2021-05-18T18:16:53.724Z] <<< [apiv2][status] GET https://firebase.googleapis.com/v1beta1/projects 401
[debug] [2021-05-18T18:16:53.725Z] <<< [apiv2][body] GET https://firebase.googleapis.com/v1beta1/projects [omitted]
[debug] [2021-05-18T18:16:53.726Z] HTTP Error: 401, Request had invalid authentication credentials. Expected OAuth 2 access token, login cookie or other valid authentication credential. See https://developers.google.com/identity/sign-in/web/devconsole-project.
[debug] [2021-05-18T18:16:53.883Z] FirebaseError: HTTP Error: 401, Request had invalid authentication credentials. Expected OAuth 2 access token, login cookie or other valid authentication credential. See https://developers.google.com/identity/sign-in/web/devconsole-project.
    at module.exports (C:\Users\iamal\AppData\Roaming\npm\node_modules\firebase-tools\lib\responseToError.js:38:12)
    at Client.doRequest (C:\Users\iamal\AppData\Roaming\npm\node_modules\firebase-tools\lib\apiv2.js:238:23)
    at processTicksAndRejections (node:internal/process/task_queues:94:5)
    at async Client.request (C:\Users\iamal\AppData\Roaming\npm\node_modules\firebase-tools\lib\apiv2.js:96:20)
    at async getProjectPage (C:\Users\iamal\AppData\Roaming\npm\node_modules\firebase-tools\lib\management\projects.js:233:17)
    at async getFirebaseProjectPage (C:\Users\iamal\AppData\Roaming\npm\node_modules\firebase-tools\lib\management\projects.js:250:23)
    at async selectProjectInteractively (C:\Users\iamal\AppData\Roaming\npm\node_modules\firebase-tools\lib\management\projects.js:95:41)
    at async Object.doSetup [as project] (C:\Users\iamal\AppData\Roaming\npm\node_modules\firebase-tools\lib\init\features\project.js:87:27)
    at async init (C:\Users\iamal\AppData\Roaming\npm\node_modules\firebase-tools\lib\init\index.js:19:9)
[error] 
[error] Error: Failed to list Firebase projects. See firebase-debug.log for more info.
[debug] [2021-05-18T18:17:00.747Z] ----------------------------------------------------------------------
[debug] [2021-05-18T18:17:00.749Z] Command:       C:\Program Files\nodejs\node.exe C:\Users\iamal\AppData\Roaming\npm\node_modules\firebase-tools\lib\bin\firebase.js init hosting
[debug] [2021-05-18T18:17:00.750Z] CLI Version:   9.11.0
[debug] [2021-05-18T18:17:00.750Z] Platform:      win32
[debug] [2021-05-18T18:17:00.750Z] Node Version:  v15.7.0
[debug] [2021-05-18T18:17:00.751Z] Time:          Tue May 18 2021 11:17:00 GMT-0700 (Pacific Daylight Time)
[debug] [2021-05-18T18:17:00.752Z] ----------------------------------------------------------------------
[debug] 
[debug] [2021-05-18T18:17:00.760Z] > command requires scopes: ["email","openid","https://www.googleapis.com/auth/cloudplatformprojects.readonly","https://www.googleapis.com/auth/firebase","https://www.googleapis.com/auth/cloud-platform"]
[debug] [2021-05-18T18:17:00.760Z] > authorizing via signed-in user (reyesgx11@gmail.com)
[info] 
     ######## #### ########  ######## ########     ###     ######  ########
     ##        ##  ##     ## ##       ##     ##  ##   ##  ##       ##
     ######    ##  ########  ######   ########  #########  ######  ######
     ##        ##  ##    ##  ##       ##     ## ##     ##       ## ##
     ##       #### ##     ## ######## ########  ##     ##  ######  ########

You're about to initialize a Firebase project in this directory:

  C:\Users\iamal\Workspace\react\portfolio\react-challenge

